<?xml version="1.0" encoding="UTF-8"?>
<testng-results ignored="0" total="1" passed="1" failed="0" skipped="0">
  <reporter-output>
  </reporter-output>
  <suite started-at="2025-02-03T14:21:56 IST" name="Default suite" finished-at="2025-02-03T14:22:14 IST" duration-ms="17992">
    <groups>
    </groups>
    <test started-at="2025-02-03T14:21:56 IST" name="Default test" finished-at="2025-02-03T14:22:14 IST" duration-ms="17992">
      <class name="demo.AppTest">
        <test-method is-config="true" signature="initializerDriver()[pri:0, instance:demo.AppTest@6c64cb25]" started-at="2025-02-03T14:21:56 IST" name="initializerDriver" finished-at="2025-02-03T14:22:11 IST" duration-ms="14768" status="PASS">
          <reporter-output>
          </reporter-output>
        </test-method> <!-- initializerDriver -->
        <test-method signature="firstTC()[pri:0, instance:demo.AppTest@6c64cb25]" started-at="2025-02-03T14:22:11 IST" name="firstTC" finished-at="2025-02-03T14:22:14 IST" duration-ms="2993" status="PASS">
          <reporter-output>
          </reporter-output>
        </test-method> <!-- firstTC -->
        <test-method is-config="true" signature="closingDriver()[pri:0, instance:demo.AppTest@6c64cb25]" started-at="2025-02-03T14:22:14 IST" name="closingDriver" finished-at="2025-02-03T14:22:14 IST" duration-ms="191" status="PASS">
          <reporter-output>
          </reporter-output>
        </test-method> <!-- closingDriver -->
      </class> <!-- demo.AppTest -->
    </test> <!-- Default test -->
  </suite> <!-- Default suite -->
</testng-results>
